[2021-01-11 09:39:00Z INFO HostContext] No proxy settings were found based on environmental variables (http_proxy/https_proxy/HTTP_PROXY/HTTPS_PROXY)
[2021-01-11 09:39:00Z INFO HostContext] Well known directory 'Bin': 'E:\GithubActions\self-hosted-runner\bin'
[2021-01-11 09:39:00Z INFO HostContext] Well known directory 'Root': 'E:\GithubActions\self-hosted-runner'
[2021-01-11 09:39:00Z INFO HostContext] Well known config file 'Credentials': 'E:\GithubActions\self-hosted-runner\.credentials'
[2021-01-11 09:39:00Z INFO Listener] Runner is built for Windows (X64) - win-x64.
[2021-01-11 09:39:00Z INFO Listener] RuntimeInformation: Microsoft Windows 10.0.18363.
[2021-01-11 09:39:00Z INFO Listener] Version: 2.275.1
[2021-01-11 09:39:00Z INFO Listener] Commit: de955418e4e8e0c51546a8495d9236f24edc1321
[2021-01-11 09:39:00Z INFO Listener] Culture: en-US
[2021-01-11 09:39:00Z INFO Listener] UI Culture: en-US
[2021-01-11 09:39:00Z INFO HostContext] Well known directory 'Bin': 'E:\GithubActions\self-hosted-runner\bin'
[2021-01-11 09:39:00Z INFO HostContext] Well known directory 'Root': 'E:\GithubActions\self-hosted-runner'
[2021-01-11 09:39:00Z INFO Listener] Validating directory permissions for: 'E:\GithubActions\self-hosted-runner'
[2021-01-11 09:39:00Z INFO CommandLineParser] Parse
[2021-01-11 09:39:00Z INFO CommandLineParser] Parsing 5 args
[2021-01-11 09:39:00Z INFO CommandLineParser] parsing argument
[2021-01-11 09:39:00Z INFO CommandLineParser] HasArgs: False
[2021-01-11 09:39:00Z INFO CommandLineParser] Adding Command: configure
[2021-01-11 09:39:00Z INFO CommandLineParser] parsing argument
[2021-01-11 09:39:00Z INFO CommandLineParser] HasArgs: True
[2021-01-11 09:39:00Z INFO CommandLineParser] arg: url
[2021-01-11 09:39:00Z INFO CommandLineParser] parsing argument
[2021-01-11 09:39:00Z INFO CommandLineParser] HasArgs: True
[2021-01-11 09:39:00Z INFO CommandLineParser] Adding option 'url': 'https://github.com/saileshkhadka/self-hosted-runner'
[2021-01-11 09:39:00Z INFO CommandLineParser] parsing argument
[2021-01-11 09:39:00Z INFO CommandLineParser] HasArgs: True
[2021-01-11 09:39:00Z INFO CommandLineParser] arg: token
[2021-01-11 09:39:00Z INFO CommandLineParser] parsing argument
[2021-01-11 09:39:00Z INFO CommandLineParser] HasArgs: True
[2021-01-11 09:39:01Z INFO CommandLineParser] Adding option 'token': '***'
[2021-01-11 09:39:01Z INFO Listener] Arguments parsed
[2021-01-11 09:39:01Z INFO Runner] ExecuteCommand
[2021-01-11 09:39:01Z INFO ConfigurationStore] currentAssemblyLocation: E:\GithubActions\self-hosted-runner\bin\Runner.Listener.dll
[2021-01-11 09:39:01Z INFO HostContext] Well known directory 'Bin': 'E:\GithubActions\self-hosted-runner\bin'
[2021-01-11 09:39:01Z INFO ConfigurationStore] binPath: E:\GithubActions\self-hosted-runner\bin
[2021-01-11 09:39:01Z INFO HostContext] Well known directory 'Bin': 'E:\GithubActions\self-hosted-runner\bin'
[2021-01-11 09:39:01Z INFO HostContext] Well known directory 'Root': 'E:\GithubActions\self-hosted-runner'
[2021-01-11 09:39:01Z INFO ConfigurationStore] RootFolder: E:\GithubActions\self-hosted-runner
[2021-01-11 09:39:01Z INFO HostContext] Well known directory 'Bin': 'E:\GithubActions\self-hosted-runner\bin'
[2021-01-11 09:39:01Z INFO HostContext] Well known directory 'Root': 'E:\GithubActions\self-hosted-runner'
[2021-01-11 09:39:01Z INFO HostContext] Well known config file 'Runner': 'E:\GithubActions\self-hosted-runner\.runner'
[2021-01-11 09:39:01Z INFO ConfigurationStore] ConfigFilePath: E:\GithubActions\self-hosted-runner\.runner
[2021-01-11 09:39:01Z INFO HostContext] Well known directory 'Bin': 'E:\GithubActions\self-hosted-runner\bin'
[2021-01-11 09:39:01Z INFO HostContext] Well known directory 'Root': 'E:\GithubActions\self-hosted-runner'
[2021-01-11 09:39:01Z INFO HostContext] Well known config file 'Credentials': 'E:\GithubActions\self-hosted-runner\.credentials'
[2021-01-11 09:39:01Z INFO ConfigurationStore] CredFilePath: E:\GithubActions\self-hosted-runner\.credentials
[2021-01-11 09:39:01Z INFO HostContext] Well known directory 'Bin': 'E:\GithubActions\self-hosted-runner\bin'
[2021-01-11 09:39:01Z INFO HostContext] Well known directory 'Root': 'E:\GithubActions\self-hosted-runner'
[2021-01-11 09:39:01Z INFO HostContext] Well known config file 'MigratedCredentials': 'E:\GithubActions\self-hosted-runner\.credentials_migrated'
[2021-01-11 09:39:01Z INFO ConfigurationStore] MigratedCredFilePath: E:\GithubActions\self-hosted-runner\.credentials_migrated
[2021-01-11 09:39:01Z INFO HostContext] Well known directory 'Bin': 'E:\GithubActions\self-hosted-runner\bin'
[2021-01-11 09:39:01Z INFO HostContext] Well known directory 'Root': 'E:\GithubActions\self-hosted-runner'
[2021-01-11 09:39:01Z INFO HostContext] Well known config file 'Service': 'E:\GithubActions\self-hosted-runner\.service'
[2021-01-11 09:39:01Z INFO ConfigurationStore] ServiceConfigFilePath: E:\GithubActions\self-hosted-runner\.service
[2021-01-11 09:39:01Z INFO CommandSettings] Flag 'help': 'False'
[2021-01-11 09:39:01Z INFO CommandSettings] Flag 'version': 'False'
[2021-01-11 09:39:01Z INFO CommandSettings] Flag 'commit': 'False'
[2021-01-11 09:39:01Z INFO CommandSettings] Command 'configure': 'True'
[2021-01-11 09:39:01Z INFO Terminal] WRITE LINE: 
[2021-01-11 09:39:01Z INFO Terminal] WRITE LINE: --------------------------------------------------------------------------------
[2021-01-11 09:39:01Z INFO Terminal] WRITE LINE: |        ____ _ _   _   _       _          _        _   _                      |
[2021-01-11 09:39:01Z INFO Terminal] WRITE LINE: |       / ___(_) |_| | | |_   _| |__      / \   ___| |_(_) ___  _ __  ___      |
[2021-01-11 09:39:01Z INFO Terminal] WRITE LINE: |      | |  _| | __| |_| | | | | '_ \    / _ \ / __| __| |/ _ \| '_ \/ __|     |
[2021-01-11 09:39:01Z INFO Terminal] WRITE LINE: |      | |_| | | |_|  _  | |_| | |_) |  / ___ \ (__| |_| | (_) | | | \__ \     |
[2021-01-11 09:39:01Z INFO Terminal] WRITE LINE: |       \____|_|\__|_| |_|\__,_|_.__/  /_/   \_\___|\__|_|\___/|_| |_|___/     |
[2021-01-11 09:39:01Z INFO Terminal] WRITE LINE: |                                                                              |
[2021-01-11 09:39:01Z INFO Terminal] WRITE: |                       
[2021-01-11 09:39:01Z INFO Terminal] WRITE: Self-hosted runner registration
[2021-01-11 09:39:01Z INFO Terminal] WRITE LINE:                         |
[2021-01-11 09:39:01Z INFO Terminal] WRITE LINE: |                                                                              |
[2021-01-11 09:39:01Z INFO Terminal] WRITE LINE: --------------------------------------------------------------------------------
[2021-01-11 09:39:01Z INFO ConfigurationManager] ConfigureAsync
[2021-01-11 09:39:01Z INFO ConfigurationStore] IsConfigured()
[2021-01-11 09:39:01Z INFO ConfigurationStore] IsConfigured: False
[2021-01-11 09:39:01Z INFO ConfigurationManager] Is configured: False
[2021-01-11 09:39:01Z INFO CommandSettings] Arg 'url': 'https://github.com/saileshkhadka/self-hosted-runner'
[2021-01-11 09:39:01Z INFO CommandSettings] Remove url from Arg dictionary.
[2021-01-11 09:39:01Z INFO CommandSettings] Arg 'token': '***'
[2021-01-11 09:39:01Z INFO CommandSettings] Remove token from Arg dictionary.
[2021-01-11 09:39:13Z INFO ConfigurationManager] Http response code: OK from 'POST https://api.github.com/actions/runner-registration'
[2021-01-11 09:39:13Z INFO ConfigurationManager] cred retrieved via GitHub auth
[2021-01-11 09:39:13Z INFO RunnerServer] Establish connection with 100 seconds timeout.
[2021-01-11 09:39:13Z INFO GitHubActionsService] Starting operation Location.GetConnectionData
[2021-01-11 09:39:13Z INFO RunnerServer] Establish connection with 60 seconds timeout.
[2021-01-11 09:39:13Z INFO GitHubActionsService] Starting operation Location.GetConnectionData
[2021-01-11 09:39:13Z INFO RunnerServer] Establish connection with 60 seconds timeout.
[2021-01-11 09:39:13Z INFO GitHubActionsService] Starting operation Location.GetConnectionData
[2021-01-11 09:39:15Z INFO GitHubActionsService] Finished operation Location.GetConnectionData
[2021-01-11 09:39:15Z INFO GitHubActionsService] Finished operation Location.GetConnectionData
[2021-01-11 09:39:15Z INFO GitHubActionsService] Finished operation Location.GetConnectionData
[2021-01-11 09:39:15Z INFO Terminal] WRITE LINE: 
[2021-01-11 09:39:15Z INFO ConfigurationManager] Test Connection complete.
[2021-01-11 09:39:15Z INFO HostContext] Well known directory 'Bin': 'E:\GithubActions\self-hosted-runner\bin'
[2021-01-11 09:39:15Z INFO HostContext] Well known directory 'Root': 'E:\GithubActions\self-hosted-runner'
[2021-01-11 09:39:15Z INFO HostContext] Well known config file 'RSACredentials': 'E:\GithubActions\self-hosted-runner\.credentials_rsaparams'
[2021-01-11 09:39:15Z INFO RSAEncryptedFileKeyManager] Creating new RSA key using 2048-bit key length
[2021-01-11 09:39:15Z INFO RSAEncryptedFileKeyManager] Successfully saved RSA key parameters to file E:\GithubActions\self-hosted-runner\.credentials_rsaparams
[2021-01-11 09:39:16Z INFO ConfigurationManager] Found a self-hosted runner group with id {1} and name {2} 1, Default
[2021-01-11 09:39:16Z INFO CommandSettings] Arg 'name': ''
[2021-01-11 09:39:16Z INFO CommandSettings] Flag 'unattended': 'False'
[2021-01-11 09:39:16Z INFO PromptManager] ReadValue
[2021-01-11 09:39:16Z INFO Terminal] WRITE: Enter the name of runner: 
[2021-01-11 09:39:16Z INFO Terminal] WRITE: [press Enter for GHOST] 
[2021-01-11 09:39:16Z INFO Terminal] READ LINE
[2021-01-11 09:39:21Z INFO Terminal] Read value: ''
[2021-01-11 09:39:21Z INFO PromptManager] Falling back to the default: 'GHOST'
[2021-01-11 09:39:21Z INFO Terminal] WRITE LINE: 
[2021-01-11 09:39:21Z INFO CommandSettings] Arg 'labels': ''
[2021-01-11 09:39:21Z INFO CommandSettings] Flag 'unattended': 'False'
[2021-01-11 09:39:21Z INFO PromptManager] ReadValue
[2021-01-11 09:39:21Z INFO Terminal] WRITE: This runner will have the following labels: 'self-hosted', 'Windows', 'X64' 
Enter any additional labels (ex. label-1,label-2): 
[2021-01-11 09:39:21Z INFO Terminal] WRITE: [press Enter to skip] 
[2021-01-11 09:39:21Z INFO Terminal] READ LINE
[2021-01-11 09:39:27Z INFO Terminal] Read value: ''
[2021-01-11 09:39:27Z INFO Terminal] WRITE LINE: 
[2021-01-11 09:39:28Z INFO ConfigurationStore] Saving OAuth credential @ E:\GithubActions\self-hosted-runner\.credentials
[2021-01-11 09:39:28Z INFO ConfigurationStore] Credentials Saved.
[2021-01-11 09:39:28Z INFO ConfigurationStore] HasCredentials()
[2021-01-11 09:39:28Z INFO ConfigurationStore] stored True
[2021-01-11 09:39:28Z INFO CredentialManager] GetCredentialProvider
[2021-01-11 09:39:28Z INFO CredentialManager] Creating type OAuth
[2021-01-11 09:39:28Z INFO CredentialManager] Creating credential type: OAuth
[2021-01-11 09:39:28Z INFO RSAEncryptedFileKeyManager] Loading RSA key parameters from file E:\GithubActions\self-hosted-runner\.credentials_rsaparams
[2021-01-11 09:39:28Z INFO RunnerServer] Establish connection with 100 seconds timeout.
[2021-01-11 09:39:28Z INFO GitHubActionsService] Starting operation Location.GetConnectionData
[2021-01-11 09:39:28Z INFO RunnerServer] Establish connection with 60 seconds timeout.
[2021-01-11 09:39:28Z INFO GitHubActionsService] Starting operation Location.GetConnectionData
[2021-01-11 09:39:28Z INFO RunnerServer] Establish connection with 60 seconds timeout.
[2021-01-11 09:39:28Z INFO GitHubActionsService] Starting operation Location.GetConnectionData
[2021-01-11 09:39:29Z INFO GitHubActionsService] Finished operation Location.GetConnectionData
[2021-01-11 09:39:29Z INFO GitHubActionsService] Finished operation Location.GetConnectionData
[2021-01-11 09:39:29Z INFO GitHubActionsService] Finished operation Location.GetConnectionData
[2021-01-11 09:39:30Z WARN GitHubActionsService] Authentication failed with status code 401.
Transfer-Encoding: chunked
WWW-Authenticate: Bearer
Strict-Transport-Security: max-age=2592000
X-TFS-ProcessId: f7c3ac6e-4594-4709-be01-c502d45dd65f
ActivityId: 67772afd-dc8e-42f9-8ce2-4fe53aedffdc
X-TFS-Session: 87a76f84-86ab-44e6-a53d-9cabd02dd165
X-VSS-E2EID: 5c0c8d46-0c2b-4b1f-abc8-31def60bf5a9
X-VSS-SenderDeploymentId: a07ab14e-025a-39c3-8d53-788cd7ce207f
X-TFS-ServiceError: The+user+%27System%3aPublicAccess%3baaaaaaaa-aaaa-aaaa-aaaa-aaaaaaaaaaaa%27+is+not+authorized+to+access+this+resource.
X-VSS-S2STargetService: 0000005A-0000-8888-8000-000000000000/visualstudio.com
X-MSEdge-Ref: Ref A: 78015D20ACAB4EFEACD58D1013370F07 Ref B: BOM02EDGE0421 Ref C: 2021-01-11T09:39:29Z
Date: Mon, 11 Jan 2021 09:39:29 GMT

[2021-01-11 09:39:30Z INFO RSAEncryptedFileKeyManager] Loading RSA key parameters from file E:\GithubActions\self-hosted-runner\.credentials_rsaparams
[2021-01-11 09:39:30Z INFO RSAEncryptedFileKeyManager] Loading RSA key parameters from file E:\GithubActions\self-hosted-runner\.credentials_rsaparams
[2021-01-11 09:39:42Z INFO GitHubActionsService] AAD Correlation ID for this token request: Unknown
[2021-01-11 09:39:42Z WARN GitHubActionsService] Retrieving an AAD auth token took a long time (12.3354827 seconds)
[2021-01-11 09:39:42Z INFO CommandSettings] Arg 'work': ''
[2021-01-11 09:39:42Z INFO CommandSettings] Flag 'unattended': 'False'
[2021-01-11 09:39:42Z INFO PromptManager] ReadValue
[2021-01-11 09:39:42Z INFO Terminal] WRITE: Enter name of work folder: 
[2021-01-11 09:39:42Z INFO Terminal] WRITE: [press Enter for _work] 
[2021-01-11 09:39:42Z INFO Terminal] READ LINE
[2021-01-11 09:39:47Z INFO Terminal] Read value: ''
[2021-01-11 09:39:47Z INFO PromptManager] Falling back to the default: '_work'
[2021-01-11 09:39:47Z INFO ConfigurationStore] Saving runner settings.
[2021-01-11 09:39:47Z INFO ConfigurationStore] Settings Saved.
[2021-01-11 09:39:47Z INFO Terminal] WRITE LINE: 
[2021-01-11 09:39:47Z INFO Terminal] WRITE LINE: 
[2021-01-11 09:39:47Z INFO CommandSettings] Flag 'runasservice': 'False'
[2021-01-11 09:39:47Z INFO CommandSettings] Flag 'unattended': 'False'
[2021-01-11 09:39:47Z INFO PromptManager] ReadValue
[2021-01-11 09:39:47Z INFO Terminal] WRITE: Would you like to run the runner as service? (Y/N) 
[2021-01-11 09:39:47Z INFO Terminal] WRITE: [press Enter for N] 
[2021-01-11 09:39:47Z INFO Terminal] READ LINE
[2021-01-11 09:39:54Z INFO Terminal] Read value: 'Y'
[2021-01-11 09:39:54Z INFO ConfigurationManager] Configuring to run the agent as service
[2021-01-11 09:39:54Z INFO CommandSettings] Arg 'windowslogonaccount': ''
[2021-01-11 09:39:54Z INFO CommandSettings] Flag 'unattended': 'False'
[2021-01-11 09:39:54Z INFO PromptManager] ReadValue
[2021-01-11 09:39:54Z INFO Terminal] WRITE: User account to use for the service 
[2021-01-11 09:39:54Z INFO Terminal] WRITE: [press Enter for NT AUTHORITY\NETWORK SERVICE] 
[2021-01-11 09:39:54Z INFO Terminal] READ LINE
[2021-01-11 09:39:58Z INFO Terminal] Read value: ''
[2021-01-11 09:39:58Z INFO PromptManager] Falling back to the default: 'NT AUTHORITY\NETWORK SERVICE'
[2021-01-11 09:39:58Z INFO WindowsServiceControlManager] LogonAccount after transforming: NT AUTHORITY\NETWORK SERVICE, user: NETWORK SERVICE, domain: NT AUTHORITY
[2021-01-11 09:39:58Z INFO WindowsServiceControlManager] Service name 'actions.runner.saileshkhadka-self-hosted-runner.GHOST' display name 'GitHub Actions Runner (saileshkhadka-self-hosted-runner.GHOST)' will be used for service configuration.
[2021-01-11 09:39:58Z INFO WindowsServiceControlManager] Verifying if the account has LogonAsService permission
[2021-01-11 09:39:58Z INFO WindowsServiceControlManager] Account: NT AUTHORITY\NETWORK SERVICE already has Logon As Service Privilege.
[2021-01-11 09:39:58Z INFO WindowsServiceControlManager] Create local group and grant folder permission to service logon account.
[2021-01-11 09:39:58Z INFO HostContext] Well known directory 'Bin': 'E:\GithubActions\self-hosted-runner\bin'
[2021-01-11 09:39:58Z INFO HostContext] Well known directory 'Root': 'E:\GithubActions\self-hosted-runner'
[2021-01-11 09:39:58Z INFO ConfigurationStore] Read setting file: 302 chars
[2021-01-11 09:39:58Z INFO HostContext] Well known directory 'Bin': 'E:\GithubActions\self-hosted-runner\bin'
[2021-01-11 09:39:58Z INFO HostContext] Well known directory 'Root': 'E:\GithubActions\self-hosted-runner'
[2021-01-11 09:39:58Z INFO HostContext] Well known directory 'Work': 'E:\GithubActions\self-hosted-runner\_work'
[2021-01-11 09:39:58Z INFO HostContext] Well known directory 'Bin': 'E:\GithubActions\self-hosted-runner\bin'
[2021-01-11 09:39:58Z INFO NativeWindowsServiceHelper] Calculated unique group name GITHUB_ActionsRunner_Gd90e0
[2021-01-11 09:39:58Z INFO NativeWindowsServiceHelper] Trying to create group GITHUB_ActionsRunner_Gd90e0
[2021-01-11 09:39:58Z INFO NativeWindowsServiceHelper] Local Group 'GITHUB_ActionsRunner_Gd90e0' created
[2021-01-11 09:39:58Z INFO NativeWindowsServiceHelper] Trying to add userName NT AUTHORITY\NETWORK SERVICE to the group GITHUB_ActionsRunner_Gd90e0
[2021-01-11 09:39:58Z INFO NativeWindowsServiceHelper] Account 'NT AUTHORITY\NETWORK SERVICE' is added to local group 'GITHUB_ActionsRunner_Gd90e0'.
[2021-01-11 09:39:58Z INFO NativeWindowsServiceHelper] Set full access control to group for the folder E:\GithubActions\self-hosted-runner
[2021-01-11 09:39:58Z INFO NativeWindowsServiceHelper] Set full access control to group for the folder E:\GithubActions\self-hosted-runner\_work
[2021-01-11 09:39:58Z INFO NativeWindowsServiceHelper] Local group 'GITHUB_ActionsRunner_Gd90e0' already has full control to path 'E:\GithubActions\self-hosted-runner\_work'.
[2021-01-11 09:39:58Z INFO Terminal] WRITE LINE: Granting file permissions to 'NT AUTHORITY\NETWORK SERVICE'.
[2021-01-11 09:39:58Z INFO HostContext] Well known directory 'Bin': 'E:\GithubActions\self-hosted-runner\bin'
[2021-01-11 09:39:58Z INFO ProcessInvokerWrapper] Starting process:
[2021-01-11 09:39:58Z INFO ProcessInvokerWrapper]   File name: '"E:\GithubActions\self-hosted-runner\bin\RunnerService.exe"'
[2021-01-11 09:39:58Z INFO ProcessInvokerWrapper]   Arguments: 'init'
[2021-01-11 09:39:58Z INFO ProcessInvokerWrapper]   Working directory: ''
[2021-01-11 09:39:58Z INFO ProcessInvokerWrapper]   Require exit code zero: 'True'
[2021-01-11 09:39:58Z INFO ProcessInvokerWrapper]   Encoding web name:  ; code page: ''
[2021-01-11 09:39:58Z INFO ProcessInvokerWrapper]   Force kill process on cancellation: 'False'
[2021-01-11 09:39:58Z INFO ProcessInvokerWrapper]   Redirected STDIN: 'False'
[2021-01-11 09:39:58Z INFO ProcessInvokerWrapper]   Persist current code page: 'False'
[2021-01-11 09:39:58Z INFO ProcessInvokerWrapper]   Keep redirected STDIN open: 'False'
[2021-01-11 09:39:58Z INFO ProcessInvokerWrapper]   High priority process: 'False'
[2021-01-11 09:39:59Z INFO ProcessInvokerWrapper] Process started with process id 10676, waiting for process exit.
[2021-01-11 09:40:00Z INFO ProcessInvokerWrapper] STDOUT/STDERR stream read finished.
[2021-01-11 09:40:00Z INFO ProcessInvokerWrapper] STDOUT/STDERR stream read finished.
[2021-01-11 09:40:00Z INFO ProcessInvokerWrapper] Finished process 10676 with exit code 0, and elapsed time 00:00:01.2375778.
[2021-01-11 09:40:00Z INFO Terminal] WRITE LINE: Service actions.runner.saileshkhadka-self-hosted-runner.GHOST successfully installed
[2021-01-11 09:40:00Z INFO Terminal] WRITE LINE: Service actions.runner.saileshkhadka-self-hosted-runner.GHOST successfully set recovery option
[2021-01-11 09:40:00Z INFO Terminal] WRITE LINE: Service actions.runner.saileshkhadka-self-hosted-runner.GHOST successfully set to delayed auto start
[2021-01-11 09:40:00Z INFO Terminal] WRITE LINE: Service actions.runner.saileshkhadka-self-hosted-runner.GHOST successfully configured
[2021-01-11 09:40:00Z INFO HostContext] Well known directory 'Bin': 'E:\GithubActions\self-hosted-runner\bin'
[2021-01-11 09:40:00Z INFO HostContext] Well known directory 'Root': 'E:\GithubActions\self-hosted-runner'
[2021-01-11 09:40:00Z INFO HostContext] Well known config file 'Service': 'E:\GithubActions\self-hosted-runner\.service'
[2021-01-11 09:40:00Z INFO WindowsServiceControlManager] Configuration was successful, trying to start the service
[2021-01-11 09:40:00Z INFO Terminal] WRITE LINE: Waiting for service to start...
[2021-01-11 09:40:00Z INFO Terminal] WRITE LINE: Service actions.runner.saileshkhadka-self-hosted-runner.GHOST started successfully
[2021-01-11 09:40:00Z INFO Listener] Runner execution has finished with return code 0
